<?xml version="1.0" encoding="UTF-8"?>
<!-- Generated by org.testng.reporters.JUnitReportReporter -->
<testsuite name="com.selenium.cases.Example" tests="1" time="31.152" ignored="0" failures="0" timestamp="26 Oct 2018 20:19:55 GMT" skipped="0" hostname="Dell" errors="0">
  <testcase name="searchApartments" time="31.152" classname="com.selenium.cases.Example"/>
</testsuite> <!-- com.selenium.cases.Example -->
